2017-09-28 10:23:18,202 [Worker-1] INFO  c.g.t.t.d.PublishedGradleVersions - Gradle version information cache is up-to-date. Trying to read.
2017-09-28 12:42:30,023 [Worker-73] ERROR o.e.m.c.i.p.r.ProjectRegistryManager - Failed to read Maven project: 1 problem was encountered while building the effective model
[FATAL] Non-readable POM C:\Users\ISLAMM\eclipse-workspace\FirstSpringMVCProject\pom.xml: input contained no data @ 
 for project  at C:\Users\ISLAMM\eclipse-workspace\FirstSpringMVCProject\pom.xml
org.apache.maven.project.ProjectBuildingException: 1 problem was encountered while building the effective model
[FATAL] Non-readable POM C:\Users\ISLAMM\eclipse-workspace\FirstSpringMVCProject\pom.xml: input contained no data @ 
 for project  at C:\Users\ISLAMM\eclipse-workspace\FirstSpringMVCProject\pom.xml
	at org.apache.maven.project.DefaultProjectBuilder.build(DefaultProjectBuilder.java:168) ~[maven-core-3.3.9.jar:3.3.9]
	at org.apache.maven.project.DefaultProjectBuilder.build(DefaultProjectBuilder.java:119) ~[maven-core-3.3.9.jar:3.3.9]
	at org.eclipse.m2e.core.internal.embedder.MavenImpl.readMavenProject(MavenImpl.java:636) ~[org.eclipse.m2e.core_1.8.1.20170728-1531.jar:na]
	at org.eclipse.m2e.core.internal.project.registry.ProjectRegistryManager$5.call(ProjectRegistryManager.java:816) ~[org.eclipse.m2e.core_1.8.1.20170728-1531.jar:na]
	at org.eclipse.m2e.core.internal.project.registry.ProjectRegistryManager$5.call(ProjectRegistryManager.java:1) ~[org.eclipse.m2e.core_1.8.1.20170728-1531.jar:na]
	at org.eclipse.m2e.core.internal.embedder.MavenExecutionContext.executeBare(MavenExecutionContext.java:177) ~[org.eclipse.m2e.core_1.8.1.20170728-1531.jar:na]
	at org.eclipse.m2e.core.internal.embedder.MavenExecutionContext.execute(MavenExecutionContext.java:151) ~[org.eclipse.m2e.core_1.8.1.20170728-1531.jar:na]
	at org.eclipse.m2e.core.internal.embedder.MavenExecutionContext.execute(MavenExecutionContext.java:99) ~[org.eclipse.m2e.core_1.8.1.20170728-1531.jar:na]
	at org.eclipse.m2e.core.internal.project.registry.ProjectRegistryManager.execute(ProjectRegistryManager.java:967) ~[org.eclipse.m2e.core_1.8.1.20170728-1531.jar:na]
	at org.eclipse.m2e.core.internal.project.registry.ProjectRegistryManager.readProjectWithDependencies(ProjectRegistryManager.java:811) ~[org.eclipse.m2e.core_1.8.1.20170728-1531.jar:na]
	at org.eclipse.m2e.core.internal.project.registry.ProjectRegistryManager.create(ProjectRegistryManager.java:192) ~[org.eclipse.m2e.core_1.8.1.20170728-1531.jar:na]
	at org.eclipse.m2e.core.internal.project.registry.MavenProjectManager.create(MavenProjectManager.java:80) [org.eclipse.m2e.core_1.8.1.20170728-1531.jar:na]
	at org.eclipse.m2e.core.ui.internal.actions.SelectionUtil.getMavenProject(SelectionUtil.java:259) [org.eclipse.m2e.core.ui_1.8.1.20170728-1531.jar:na]
	at org.eclipse.m2e.editor.pom.MavenPomEditor.readMavenProject(MavenPomEditor.java:742) [org.eclipse.m2e.editor_1.8.1.20170728-1531.jar:na]
	at org.eclipse.m2e.editor.pom.MavenPomEditor$5.run(MavenPomEditor.java:1077) [org.eclipse.m2e.editor_1.8.1.20170728-1531.jar:na]
	at org.eclipse.core.internal.jobs.Worker.run(Worker.java:56) [org.eclipse.core.jobs_3.9.1.v20170714-0547.jar:na]
Caused by: org.apache.maven.model.building.ModelBuildingException: 1 problem was encountered while building the effective model
[FATAL] Non-readable POM C:\Users\ISLAMM\eclipse-workspace\FirstSpringMVCProject\pom.xml: input contained no data @ 

	at org.apache.maven.model.building.DefaultModelProblemCollector.newModelBuildingException(DefaultModelProblemCollector.java:197) ~[maven-model-builder-3.3.9.jar:3.3.9]
	at org.apache.maven.model.building.DefaultModelBuilder.readModel(DefaultModelBuilder.java:598) ~[maven-model-builder-3.3.9.jar:3.3.9]
	at org.apache.maven.model.building.DefaultModelBuilder.build(DefaultModelBuilder.java:273) ~[maven-model-builder-3.3.9.jar:3.3.9]
	at org.apache.maven.project.DefaultProjectBuilder.build(DefaultProjectBuilder.java:161) ~[maven-core-3.3.9.jar:3.3.9]
	... 15 common frames omitted
2017-09-28 12:43:21,757 [Worker-69] INFO  o.e.m.c.i.e.AbstractTransferListenerAdapter - Downloaded https://repository.jboss.org/nexus/content/repositories/thirdparty-releases/javax/faces/javax.faces-api/2.3/javax.faces-api-2.3.pom
2017-09-28 12:43:22,257 [Worker-69] INFO  o.e.m.c.i.e.AbstractTransferListenerAdapter - Downloaded https://maven.atlassian.com/3rdparty/javax/faces/javax.faces-api/2.3/javax.faces-api-2.3.pom
2017-09-28 12:43:22,346 [Worker-69] INFO  o.e.m.c.i.e.AbstractTransferListenerAdapter - Downloading https://repo.maven.apache.org/maven2/javax/faces/javax.faces-api/2.3/javax.faces-api-2.3.pom
2017-09-28 12:43:22,371 [Worker-69] INFO  o.e.m.c.i.e.AbstractTransferListenerAdapter - Downloaded https://repo.maven.apache.org/maven2/javax/faces/javax.faces-api/2.3/javax.faces-api-2.3.pom
2017-09-28 12:43:23,286 [Worker-69] INFO  o.e.m.c.i.e.AbstractTransferListenerAdapter - Downloaded https://repository.jboss.org/nexus/content/repositories/thirdparty-releases/javax/enterprise/cdi-api/2.0/cdi-api-2.0.pom
2017-09-28 12:43:23,692 [Worker-69] INFO  o.e.m.c.i.e.AbstractTransferListenerAdapter - Downloaded https://maven.atlassian.com/3rdparty/javax/enterprise/cdi-api/2.0/cdi-api-2.0.pom
2017-09-28 12:43:23,699 [Worker-69] INFO  o.e.m.c.i.e.AbstractTransferListenerAdapter - Downloading https://repo.maven.apache.org/maven2/javax/enterprise/cdi-api/2.0/cdi-api-2.0.pom
2017-09-28 12:43:23,714 [Worker-69] INFO  o.e.m.c.i.e.AbstractTransferListenerAdapter - Downloaded https://repo.maven.apache.org/maven2/javax/enterprise/cdi-api/2.0/cdi-api-2.0.pom
2017-09-28 12:43:24,629 [Worker-69] INFO  o.e.m.c.i.e.AbstractTransferListenerAdapter - Downloaded https://repository.jboss.org/nexus/content/repositories/thirdparty-releases/org/jboss/weld/weld-parent/36/weld-parent-36.pom
2017-09-28 12:43:25,098 [Worker-69] INFO  o.e.m.c.i.e.AbstractTransferListenerAdapter - Downloaded https://maven.atlassian.com/3rdparty/org/jboss/weld/weld-parent/36/weld-parent-36.pom
2017-09-28 12:43:25,107 [Worker-69] INFO  o.e.m.c.i.e.AbstractTransferListenerAdapter - Downloading https://repo.maven.apache.org/maven2/org/jboss/weld/weld-parent/36/weld-parent-36.pom
2017-09-28 12:43:25,129 [Worker-69] INFO  o.e.m.c.i.e.AbstractTransferListenerAdapter - Downloaded https://repo.maven.apache.org/maven2/org/jboss/weld/weld-parent/36/weld-parent-36.pom
2017-09-28 12:43:26,043 [Worker-69] INFO  o.e.m.c.i.e.AbstractTransferListenerAdapter - Downloaded https://repository.jboss.org/nexus/content/repositories/thirdparty-releases/javax/el/javax.el-api/3.0.0/javax.el-api-3.0.0.pom
2017-09-28 12:43:26,438 [Worker-69] INFO  o.e.m.c.i.e.AbstractTransferListenerAdapter - Downloaded https://maven.atlassian.com/3rdparty/javax/el/javax.el-api/3.0.0/javax.el-api-3.0.0.pom
2017-09-28 12:43:26,446 [Worker-69] INFO  o.e.m.c.i.e.AbstractTransferListenerAdapter - Downloading https://repo.maven.apache.org/maven2/javax/el/javax.el-api/3.0.0/javax.el-api-3.0.0.pom
2017-09-28 12:43:26,460 [Worker-69] INFO  o.e.m.c.i.e.AbstractTransferListenerAdapter - Downloaded https://repo.maven.apache.org/maven2/javax/el/javax.el-api/3.0.0/javax.el-api-3.0.0.pom
2017-09-28 12:43:27,770 [Worker-69] INFO  o.e.m.c.i.e.AbstractTransferListenerAdapter - Downloaded https://repository.jboss.org/nexus/content/repositories/thirdparty-releases/net/java/jvnet-parent/3/jvnet-parent-3.pom
2017-09-28 12:43:28,256 [Worker-69] INFO  o.e.m.c.i.e.AbstractTransferListenerAdapter - Downloaded https://maven.atlassian.com/3rdparty/net/java/jvnet-parent/3/jvnet-parent-3.pom
2017-09-28 12:43:28,264 [Worker-69] INFO  o.e.m.c.i.e.AbstractTransferListenerAdapter - Downloading https://repo.maven.apache.org/maven2/net/java/jvnet-parent/3/jvnet-parent-3.pom
2017-09-28 12:43:28,275 [Worker-69] INFO  o.e.m.c.i.e.AbstractTransferListenerAdapter - Downloaded https://repo.maven.apache.org/maven2/net/java/jvnet-parent/3/jvnet-parent-3.pom
2017-09-28 12:43:29,183 [Worker-69] INFO  o.e.m.c.i.e.AbstractTransferListenerAdapter - Downloaded https://repository.jboss.org/nexus/content/repositories/thirdparty-releases/javax/interceptor/javax.interceptor-api/1.2/javax.interceptor-api-1.2.pom
2017-09-28 12:43:29,653 [Worker-69] INFO  o.e.m.c.i.e.AbstractTransferListenerAdapter - Downloaded https://maven.atlassian.com/3rdparty/javax/interceptor/javax.interceptor-api/1.2/javax.interceptor-api-1.2.pom
2017-09-28 12:43:29,659 [Worker-69] INFO  o.e.m.c.i.e.AbstractTransferListenerAdapter - Downloading https://repo.maven.apache.org/maven2/javax/interceptor/javax.interceptor-api/1.2/javax.interceptor-api-1.2.pom
2017-09-28 12:43:29,674 [Worker-69] INFO  o.e.m.c.i.e.AbstractTransferListenerAdapter - Downloaded https://repo.maven.apache.org/maven2/javax/interceptor/javax.interceptor-api/1.2/javax.interceptor-api-1.2.pom
2017-09-28 12:43:30,578 [Worker-69] INFO  o.e.m.c.i.e.AbstractTransferListenerAdapter - Downloaded https://repository.jboss.org/nexus/content/repositories/thirdparty-releases/javax/inject/javax.inject/1/javax.inject-1.pom
2017-09-28 12:43:31,042 [Worker-69] INFO  o.e.m.c.i.e.AbstractTransferListenerAdapter - Downloaded https://maven.atlassian.com/3rdparty/javax/inject/javax.inject/1/javax.inject-1.pom
2017-09-28 12:43:31,054 [Worker-69] INFO  o.e.m.c.i.e.AbstractTransferListenerAdapter - Downloading https://repo.maven.apache.org/maven2/javax/inject/javax.inject/1/javax.inject-1.pom
2017-09-28 12:43:31,064 [Worker-69] INFO  o.e.m.c.i.e.AbstractTransferListenerAdapter - Downloaded https://repo.maven.apache.org/maven2/javax/inject/javax.inject/1/javax.inject-1.pom
2017-09-28 12:43:31,974 [Worker-69] INFO  o.e.m.c.i.e.AbstractTransferListenerAdapter - Downloaded https://repository.jboss.org/nexus/content/repositories/thirdparty-releases/org/jboss/weld/servlet/weld-servlet-shaded/3.0.0.Final/weld-servlet-shaded-3.0.0.Final.pom
2017-09-28 12:43:32,369 [Worker-69] INFO  o.e.m.c.i.e.AbstractTransferListenerAdapter - Downloaded https://maven.atlassian.com/3rdparty/org/jboss/weld/servlet/weld-servlet-shaded/3.0.0.Final/weld-servlet-shaded-3.0.0.Final.pom
2017-09-28 12:43:32,378 [Worker-69] INFO  o.e.m.c.i.e.AbstractTransferListenerAdapter - Downloading https://repo.maven.apache.org/maven2/org/jboss/weld/servlet/weld-servlet-shaded/3.0.0.Final/weld-servlet-shaded-3.0.0.Final.pom
2017-09-28 12:43:32,464 [Worker-69] INFO  o.e.m.c.i.e.AbstractTransferListenerAdapter - Downloaded https://repo.maven.apache.org/maven2/org/jboss/weld/servlet/weld-servlet-shaded/3.0.0.Final/weld-servlet-shaded-3.0.0.Final.pom
2017-09-28 12:43:33,374 [Worker-69] INFO  o.e.m.c.i.e.AbstractTransferListenerAdapter - Downloaded https://repository.jboss.org/nexus/content/repositories/thirdparty-releases/org/jboss/weld/servlet/weld-servlet-parent/3.0.0.Final/weld-servlet-parent-3.0.0.Final.pom
2017-09-28 12:43:33,852 [Worker-69] INFO  o.e.m.c.i.e.AbstractTransferListenerAdapter - Downloaded https://maven.atlassian.com/3rdparty/org/jboss/weld/servlet/weld-servlet-parent/3.0.0.Final/weld-servlet-parent-3.0.0.Final.pom
2017-09-28 12:43:33,859 [Worker-69] INFO  o.e.m.c.i.e.AbstractTransferListenerAdapter - Downloading https://repo.maven.apache.org/maven2/org/jboss/weld/servlet/weld-servlet-parent/3.0.0.Final/weld-servlet-parent-3.0.0.Final.pom
2017-09-28 12:43:33,869 [Worker-69] INFO  o.e.m.c.i.e.AbstractTransferListenerAdapter - Downloaded https://repo.maven.apache.org/maven2/org/jboss/weld/servlet/weld-servlet-parent/3.0.0.Final/weld-servlet-parent-3.0.0.Final.pom
2017-09-28 12:43:34,785 [Worker-69] INFO  o.e.m.c.i.e.AbstractTransferListenerAdapter - Downloaded https://repository.jboss.org/nexus/content/repositories/thirdparty-releases/org/jboss/weld/weld-core-parent/3.0.0.Final/weld-core-parent-3.0.0.Final.pom
2017-09-28 12:43:35,265 [Worker-69] INFO  o.e.m.c.i.e.AbstractTransferListenerAdapter - Downloaded https://maven.atlassian.com/3rdparty/org/jboss/weld/weld-core-parent/3.0.0.Final/weld-core-parent-3.0.0.Final.pom
2017-09-28 12:43:35,274 [Worker-69] INFO  o.e.m.c.i.e.AbstractTransferListenerAdapter - Downloading https://repo.maven.apache.org/maven2/org/jboss/weld/weld-core-parent/3.0.0.Final/weld-core-parent-3.0.0.Final.pom
2017-09-28 12:43:35,310 [Worker-69] INFO  o.e.m.c.i.e.AbstractTransferListenerAdapter - Downloaded https://repo.maven.apache.org/maven2/org/jboss/weld/weld-core-parent/3.0.0.Final/weld-core-parent-3.0.0.Final.pom
2017-09-28 12:43:36,218 [Worker-69] INFO  o.e.m.c.i.e.AbstractTransferListenerAdapter - Downloaded https://repository.jboss.org/nexus/content/repositories/thirdparty-releases/org/jboss/weld/weld-parent/37/weld-parent-37.pom
2017-09-28 12:43:36,610 [Worker-69] INFO  o.e.m.c.i.e.AbstractTransferListenerAdapter - Downloaded https://maven.atlassian.com/3rdparty/org/jboss/weld/weld-parent/37/weld-parent-37.pom
2017-09-28 12:43:36,619 [Worker-69] INFO  o.e.m.c.i.e.AbstractTransferListenerAdapter - Downloading https://repo.maven.apache.org/maven2/org/jboss/weld/weld-parent/37/weld-parent-37.pom
2017-09-28 12:43:36,697 [Worker-69] INFO  o.e.m.c.i.e.AbstractTransferListenerAdapter - Downloaded https://repo.maven.apache.org/maven2/org/jboss/weld/weld-parent/37/weld-parent-37.pom
2017-09-28 12:43:37,620 [Worker-69] INFO  o.e.m.c.i.e.AbstractTransferListenerAdapter - Downloaded https://repository.jboss.org/nexus/content/repositories/thirdparty-releases/org/jboss/weld/weld-api-bom/3.0.Final/weld-api-bom-3.0.Final.pom
2017-09-28 12:43:38,093 [Worker-69] INFO  o.e.m.c.i.e.AbstractTransferListenerAdapter - Downloaded https://maven.atlassian.com/3rdparty/org/jboss/weld/weld-api-bom/3.0.Final/weld-api-bom-3.0.Final.pom
2017-09-28 12:43:38,101 [Worker-69] INFO  o.e.m.c.i.e.AbstractTransferListenerAdapter - Downloading https://repo.maven.apache.org/maven2/org/jboss/weld/weld-api-bom/3.0.Final/weld-api-bom-3.0.Final.pom
2017-09-28 12:43:38,114 [Worker-69] INFO  o.e.m.c.i.e.AbstractTransferListenerAdapter - Downloaded https://repo.maven.apache.org/maven2/org/jboss/weld/weld-api-bom/3.0.Final/weld-api-bom-3.0.Final.pom
2017-09-28 12:43:39,030 [Worker-69] INFO  o.e.m.c.i.e.AbstractTransferListenerAdapter - Downloaded https://repository.jboss.org/nexus/content/repositories/thirdparty-releases/org/jboss/weld/weld-api-parent/3.0.Final/weld-api-parent-3.0.Final.pom
2017-09-28 12:43:39,522 [Worker-69] INFO  o.e.m.c.i.e.AbstractTransferListenerAdapter - Downloaded https://maven.atlassian.com/3rdparty/org/jboss/weld/weld-api-parent/3.0.Final/weld-api-parent-3.0.Final.pom
2017-09-28 12:43:39,535 [Worker-69] INFO  o.e.m.c.i.e.AbstractTransferListenerAdapter - Downloading https://repo.maven.apache.org/maven2/org/jboss/weld/weld-api-parent/3.0.Final/weld-api-parent-3.0.Final.pom
2017-09-28 12:43:39,551 [Worker-69] INFO  o.e.m.c.i.e.AbstractTransferListenerAdapter - Downloaded https://repo.maven.apache.org/maven2/org/jboss/weld/weld-api-parent/3.0.Final/weld-api-parent-3.0.Final.pom
2017-09-28 12:43:40,471 [Worker-69] INFO  o.e.m.c.i.e.AbstractTransferListenerAdapter - Downloaded https://repository.jboss.org/nexus/content/repositories/thirdparty-releases/javax/servlet/javax.servlet-api/3.1.0/javax.servlet-api-3.1.0.pom
2017-09-28 12:43:41,012 [Worker-69] INFO  o.e.m.c.i.e.AbstractTransferListenerAdapter - Downloaded https://maven.atlassian.com/3rdparty/javax/servlet/javax.servlet-api/3.1.0/javax.servlet-api-3.1.0.pom
2017-09-28 12:43:41,031 [Worker-69] INFO  o.e.m.c.i.e.AbstractTransferListenerAdapter - Downloading https://repo.maven.apache.org/maven2/javax/servlet/javax.servlet-api/3.1.0/javax.servlet-api-3.1.0.pom
2017-09-28 12:43:41,047 [Worker-69] INFO  o.e.m.c.i.e.AbstractTransferListenerAdapter - Downloaded https://repo.maven.apache.org/maven2/javax/servlet/javax.servlet-api/3.1.0/javax.servlet-api-3.1.0.pom
2017-09-28 12:43:41,967 [Worker-69] INFO  o.e.m.c.i.e.AbstractTransferListenerAdapter - Downloaded https://repository.jboss.org/nexus/content/repositories/thirdparty-releases/org/omnifaces/omnifaces/2.6.3/omnifaces-2.6.3.pom
2017-09-28 12:43:42,437 [Worker-69] INFO  o.e.m.c.i.e.AbstractTransferListenerAdapter - Downloaded https://maven.atlassian.com/3rdparty/org/omnifaces/omnifaces/2.6.3/omnifaces-2.6.3.pom
2017-09-28 12:43:42,443 [Worker-69] INFO  o.e.m.c.i.e.AbstractTransferListenerAdapter - Downloading https://repo.maven.apache.org/maven2/org/omnifaces/omnifaces/2.6.3/omnifaces-2.6.3.pom
2017-09-28 12:43:42,541 [Worker-69] INFO  o.e.m.c.i.e.AbstractTransferListenerAdapter - Downloaded https://repo.maven.apache.org/maven2/org/omnifaces/omnifaces/2.6.3/omnifaces-2.6.3.pom
2017-09-28 12:43:43,494 [Worker-69] INFO  o.e.m.c.i.e.AbstractTransferListenerAdapter - Downloaded https://repository.jboss.org/nexus/content/repositories/thirdparty-releases/org/jboss/arquillian/arquillian-bom/1.1.11.Final/arquillian-bom-1.1.11.Final.pom
2017-09-28 12:43:43,977 [Worker-69] INFO  o.e.m.c.i.e.AbstractTransferListenerAdapter - Downloaded https://maven.atlassian.com/3rdparty/org/jboss/arquillian/arquillian-bom/1.1.11.Final/arquillian-bom-1.1.11.Final.pom
2017-09-28 12:43:43,984 [Worker-69] INFO  o.e.m.c.i.e.AbstractTransferListenerAdapter - Downloading https://repo.maven.apache.org/maven2/org/jboss/arquillian/arquillian-bom/1.1.11.Final/arquillian-bom-1.1.11.Final.pom
2017-09-28 12:43:43,998 [Worker-69] INFO  o.e.m.c.i.e.AbstractTransferListenerAdapter - Downloaded https://repo.maven.apache.org/maven2/org/jboss/arquillian/arquillian-bom/1.1.11.Final/arquillian-bom-1.1.11.Final.pom
2017-09-28 12:43:44,947 [Worker-69] INFO  o.e.m.c.i.e.AbstractTransferListenerAdapter - Downloaded https://repository.jboss.org/nexus/content/repositories/thirdparty-releases/org/jboss/shrinkwrap/shrinkwrap-bom/1.2.3/shrinkwrap-bom-1.2.3.pom
2017-09-28 12:43:45,328 [Worker-69] INFO  o.e.m.c.i.e.AbstractTransferListenerAdapter - Downloaded https://maven.atlassian.com/3rdparty/org/jboss/shrinkwrap/shrinkwrap-bom/1.2.3/shrinkwrap-bom-1.2.3.pom
2017-09-28 12:43:45,335 [Worker-69] INFO  o.e.m.c.i.e.AbstractTransferListenerAdapter - Downloading https://repo.maven.apache.org/maven2/org/jboss/shrinkwrap/shrinkwrap-bom/1.2.3/shrinkwrap-bom-1.2.3.pom
2017-09-28 12:43:45,343 [Worker-69] INFO  o.e.m.c.i.e.AbstractTransferListenerAdapter - Downloaded https://repo.maven.apache.org/maven2/org/jboss/shrinkwrap/shrinkwrap-bom/1.2.3/shrinkwrap-bom-1.2.3.pom
2017-09-28 12:43:46,248 [Worker-69] INFO  o.e.m.c.i.e.AbstractTransferListenerAdapter - Downloaded https://repository.jboss.org/nexus/content/repositories/thirdparty-releases/org/jboss/shrinkwrap/resolver/shrinkwrap-resolver-bom/2.2.0/shrinkwrap-resolver-bom-2.2.0.pom
2017-09-28 12:43:46,713 [Worker-69] INFO  o.e.m.c.i.e.AbstractTransferListenerAdapter - Downloaded https://maven.atlassian.com/3rdparty/org/jboss/shrinkwrap/resolver/shrinkwrap-resolver-bom/2.2.0/shrinkwrap-resolver-bom-2.2.0.pom
2017-09-28 12:43:46,721 [Worker-69] INFO  o.e.m.c.i.e.AbstractTransferListenerAdapter - Downloading https://repo.maven.apache.org/maven2/org/jboss/shrinkwrap/resolver/shrinkwrap-resolver-bom/2.2.0/shrinkwrap-resolver-bom-2.2.0.pom
2017-09-28 12:43:46,734 [Worker-69] INFO  o.e.m.c.i.e.AbstractTransferListenerAdapter - Downloaded https://repo.maven.apache.org/maven2/org/jboss/shrinkwrap/resolver/shrinkwrap-resolver-bom/2.2.0/shrinkwrap-resolver-bom-2.2.0.pom
2017-09-28 12:43:47,642 [Worker-69] INFO  o.e.m.c.i.e.AbstractTransferListenerAdapter - Downloaded https://repository.jboss.org/nexus/content/repositories/thirdparty-releases/org/jboss/shrinkwrap/descriptors/shrinkwrap-descriptors-bom/2.0.0-alpha-8/shrinkwrap-descriptors-bom-2.0.0-alpha-8.pom
2017-09-28 12:43:48,119 [Worker-69] INFO  o.e.m.c.i.e.AbstractTransferListenerAdapter - Downloaded https://maven.atlassian.com/3rdparty/org/jboss/shrinkwrap/descriptors/shrinkwrap-descriptors-bom/2.0.0-alpha-8/shrinkwrap-descriptors-bom-2.0.0-alpha-8.pom
2017-09-28 12:43:48,143 [Worker-69] INFO  o.e.m.c.i.e.AbstractTransferListenerAdapter - Downloading https://repo.maven.apache.org/maven2/org/jboss/shrinkwrap/descriptors/shrinkwrap-descriptors-bom/2.0.0-alpha-8/shrinkwrap-descriptors-bom-2.0.0-alpha-8.pom
2017-09-28 12:43:48,159 [Worker-69] INFO  o.e.m.c.i.e.AbstractTransferListenerAdapter - Downloaded https://repo.maven.apache.org/maven2/org/jboss/shrinkwrap/descriptors/shrinkwrap-descriptors-bom/2.0.0-alpha-8/shrinkwrap-descriptors-bom-2.0.0-alpha-8.pom
2017-09-28 12:43:49,104 [Worker-69] INFO  o.e.m.c.i.e.AbstractTransferListenerAdapter - Downloaded https://repository.jboss.org/nexus/content/repositories/thirdparty-releases/org/jboss/arquillian/extension/arquillian-drone-bom/2.0.0.Final/arquillian-drone-bom-2.0.0.Final.pom
2017-09-28 12:43:49,577 [Worker-69] INFO  o.e.m.c.i.e.AbstractTransferListenerAdapter - Downloaded https://maven.atlassian.com/3rdparty/org/jboss/arquillian/extension/arquillian-drone-bom/2.0.0.Final/arquillian-drone-bom-2.0.0.Final.pom
2017-09-28 12:43:49,584 [Worker-69] INFO  o.e.m.c.i.e.AbstractTransferListenerAdapter - Downloading https://repo.maven.apache.org/maven2/org/jboss/arquillian/extension/arquillian-drone-bom/2.0.0.Final/arquillian-drone-bom-2.0.0.Final.pom
2017-09-28 12:43:49,595 [Worker-69] INFO  o.e.m.c.i.e.AbstractTransferListenerAdapter - Downloaded https://repo.maven.apache.org/maven2/org/jboss/arquillian/extension/arquillian-drone-bom/2.0.0.Final/arquillian-drone-bom-2.0.0.Final.pom
2017-09-28 12:43:50,499 [Worker-69] INFO  o.e.m.c.i.e.AbstractTransferListenerAdapter - Downloaded https://repository.jboss.org/nexus/content/repositories/thirdparty-releases/org/jboss/arquillian/selenium/selenium-bom/2.53.0/selenium-bom-2.53.0.pom
2017-09-28 12:43:50,990 [Worker-69] INFO  o.e.m.c.i.e.AbstractTransferListenerAdapter - Downloaded https://maven.atlassian.com/3rdparty/org/jboss/arquillian/selenium/selenium-bom/2.53.0/selenium-bom-2.53.0.pom
2017-09-28 12:43:50,998 [Worker-69] INFO  o.e.m.c.i.e.AbstractTransferListenerAdapter - Downloading https://repo.maven.apache.org/maven2/org/jboss/arquillian/selenium/selenium-bom/2.53.0/selenium-bom-2.53.0.pom
2017-09-28 12:43:51,010 [Worker-69] INFO  o.e.m.c.i.e.AbstractTransferListenerAdapter - Downloaded https://repo.maven.apache.org/maven2/org/jboss/arquillian/selenium/selenium-bom/2.53.0/selenium-bom-2.53.0.pom
2017-09-28 12:43:51,921 [Worker-69] INFO  o.e.m.c.i.e.AbstractTransferListenerAdapter - Downloaded https://repository.jboss.org/nexus/content/repositories/thirdparty-releases/org/jboss/arquillian/selenium/selenium-bom/2.53.1/selenium-bom-2.53.1.pom
2017-09-28 12:43:52,527 [Worker-69] INFO  o.e.m.c.i.e.AbstractTransferListenerAdapter - Downloaded https://maven.atlassian.com/3rdparty/org/jboss/arquillian/selenium/selenium-bom/2.53.1/selenium-bom-2.53.1.pom
2017-09-28 12:43:52,535 [Worker-69] INFO  o.e.m.c.i.e.AbstractTransferListenerAdapter - Downloading https://repo.maven.apache.org/maven2/org/jboss/arquillian/selenium/selenium-bom/2.53.1/selenium-bom-2.53.1.pom
2017-09-28 12:43:52,545 [Worker-69] INFO  o.e.m.c.i.e.AbstractTransferListenerAdapter - Downloaded https://repo.maven.apache.org/maven2/org/jboss/arquillian/selenium/selenium-bom/2.53.1/selenium-bom-2.53.1.pom
2017-09-28 12:43:53,471 [Worker-69] INFO  o.e.m.c.i.e.AbstractTransferListenerAdapter - Downloaded https://repository.jboss.org/nexus/content/repositories/thirdparty-releases/org/apache/tomcat/tomcat-servlet-api/9.0.0.M21/tomcat-servlet-api-9.0.0.M21.pom
2017-09-28 12:43:53,997 [Worker-69] INFO  o.e.m.c.i.e.AbstractTransferListenerAdapter - Downloaded https://maven.atlassian.com/3rdparty/org/apache/tomcat/tomcat-servlet-api/9.0.0.M21/tomcat-servlet-api-9.0.0.M21.pom
2017-09-28 12:43:54,081 [Worker-69] INFO  o.e.m.c.i.e.AbstractTransferListenerAdapter - Downloading https://repo.maven.apache.org/maven2/org/apache/tomcat/tomcat-servlet-api/9.0.0.M21/tomcat-servlet-api-9.0.0.M21.pom
2017-09-28 12:43:54,165 [Worker-69] INFO  o.e.m.c.i.e.AbstractTransferListenerAdapter - Downloaded https://repo.maven.apache.org/maven2/org/apache/tomcat/tomcat-servlet-api/9.0.0.M21/tomcat-servlet-api-9.0.0.M21.pom
2017-09-28 12:43:55,063 [Worker-69] INFO  o.e.m.c.i.e.AbstractTransferListenerAdapter - Downloaded https://repository.jboss.org/nexus/content/repositories/thirdparty-releases/org/jcodec/jcodec-javase/0.1.9/jcodec-javase-0.1.9.pom
2017-09-28 12:43:55,540 [Worker-69] INFO  o.e.m.c.i.e.AbstractTransferListenerAdapter - Downloaded https://maven.atlassian.com/3rdparty/org/jcodec/jcodec-javase/0.1.9/jcodec-javase-0.1.9.pom
2017-09-28 12:43:55,621 [Worker-69] INFO  o.e.m.c.i.e.AbstractTransferListenerAdapter - Downloading https://repo.maven.apache.org/maven2/org/jcodec/jcodec-javase/0.1.9/jcodec-javase-0.1.9.pom
2017-09-28 12:43:55,710 [Worker-69] INFO  o.e.m.c.i.e.AbstractTransferListenerAdapter - Downloaded https://repo.maven.apache.org/maven2/org/jcodec/jcodec-javase/0.1.9/jcodec-javase-0.1.9.pom
2017-09-28 12:43:56,633 [Worker-69] INFO  o.e.m.c.i.e.AbstractTransferListenerAdapter - Downloaded https://repository.jboss.org/nexus/content/repositories/thirdparty-releases/org/jcodec/jcodec/0.1.9/jcodec-0.1.9.pom
2017-09-28 12:43:57,105 [Worker-69] INFO  o.e.m.c.i.e.AbstractTransferListenerAdapter - Downloaded https://maven.atlassian.com/3rdparty/org/jcodec/jcodec/0.1.9/jcodec-0.1.9.pom
2017-09-28 12:43:57,111 [Worker-69] INFO  o.e.m.c.i.e.AbstractTransferListenerAdapter - Downloading https://repo.maven.apache.org/maven2/org/jcodec/jcodec/0.1.9/jcodec-0.1.9.pom
2017-09-28 12:43:57,196 [Worker-69] INFO  o.e.m.c.i.e.AbstractTransferListenerAdapter - Downloaded https://repo.maven.apache.org/maven2/org/jcodec/jcodec/0.1.9/jcodec-0.1.9.pom
2017-09-28 12:43:58,102 [Worker-69] INFO  o.e.m.c.i.e.AbstractTransferListenerAdapter - Downloaded https://repository.jboss.org/nexus/content/repositories/thirdparty-releases/org/slf4j/slf4j-simple/1.7.25/slf4j-simple-1.7.25.pom
2017-09-28 12:43:58,575 [Worker-69] INFO  o.e.m.c.i.e.AbstractTransferListenerAdapter - Downloaded https://maven.atlassian.com/3rdparty/org/slf4j/slf4j-simple/1.7.25/slf4j-simple-1.7.25.pom
2017-09-28 12:43:58,581 [Worker-69] INFO  o.e.m.c.i.e.AbstractTransferListenerAdapter - Downloading https://repo.maven.apache.org/maven2/org/slf4j/slf4j-simple/1.7.25/slf4j-simple-1.7.25.pom
2017-09-28 12:43:58,592 [Worker-69] INFO  o.e.m.c.i.e.AbstractTransferListenerAdapter - Downloaded https://repo.maven.apache.org/maven2/org/slf4j/slf4j-simple/1.7.25/slf4j-simple-1.7.25.pom
2017-09-28 12:43:59,495 [Worker-69] INFO  o.e.m.c.i.e.AbstractTransferListenerAdapter - Downloaded https://repository.jboss.org/nexus/content/repositories/thirdparty-releases/org/slf4j/slf4j-parent/1.7.25/slf4j-parent-1.7.25.pom
2017-09-28 12:44:00,176 [Worker-69] INFO  o.e.m.c.i.e.AbstractTransferListenerAdapter - Downloaded https://maven.atlassian.com/3rdparty/org/slf4j/slf4j-parent/1.7.25/slf4j-parent-1.7.25.pom
2017-09-28 12:44:00,183 [Worker-69] INFO  o.e.m.c.i.e.AbstractTransferListenerAdapter - Downloading https://repo.maven.apache.org/maven2/org/slf4j/slf4j-parent/1.7.25/slf4j-parent-1.7.25.pom
2017-09-28 12:44:00,209 [Worker-69] INFO  o.e.m.c.i.e.AbstractTransferListenerAdapter - Downloaded https://repo.maven.apache.org/maven2/org/slf4j/slf4j-parent/1.7.25/slf4j-parent-1.7.25.pom
2017-09-28 12:44:01,134 [Worker-69] INFO  o.e.m.c.i.e.AbstractTransferListenerAdapter - Downloaded https://repository.jboss.org/nexus/content/repositories/thirdparty-releases/org/slf4j/slf4j-api/1.7.25/slf4j-api-1.7.25.pom
2017-09-28 12:44:01,521 [Worker-69] INFO  o.e.m.c.i.e.AbstractTransferListenerAdapter - Downloaded https://maven.atlassian.com/3rdparty/org/slf4j/slf4j-api/1.7.25/slf4j-api-1.7.25.pom
2017-09-28 12:44:01,529 [Worker-69] INFO  o.e.m.c.i.e.AbstractTransferListenerAdapter - Downloading https://repo.maven.apache.org/maven2/org/slf4j/slf4j-api/1.7.25/slf4j-api-1.7.25.pom
2017-09-28 12:44:01,542 [Worker-69] INFO  o.e.m.c.i.e.AbstractTransferListenerAdapter - Downloaded https://repo.maven.apache.org/maven2/org/slf4j/slf4j-api/1.7.25/slf4j-api-1.7.25.pom
2017-09-28 12:44:02,447 [Worker-69] INFO  o.e.m.c.i.e.AbstractTransferListenerAdapter - Downloaded https://repository.jboss.org/nexus/content/repositories/thirdparty-releases/org/postgresql/postgresql/42.1.4/postgresql-42.1.4.pom
2017-09-28 12:44:02,927 [Worker-69] INFO  o.e.m.c.i.e.AbstractTransferListenerAdapter - Downloaded https://maven.atlassian.com/3rdparty/org/postgresql/postgresql/42.1.4/postgresql-42.1.4.pom
2017-09-28 12:44:02,932 [Worker-69] INFO  o.e.m.c.i.e.AbstractTransferListenerAdapter - Downloading https://repo.maven.apache.org/maven2/org/postgresql/postgresql/42.1.4/postgresql-42.1.4.pom
2017-09-28 12:44:02,951 [Worker-69] INFO  o.e.m.c.i.e.AbstractTransferListenerAdapter - Downloaded https://repo.maven.apache.org/maven2/org/postgresql/postgresql/42.1.4/postgresql-42.1.4.pom
2017-09-28 12:44:03,847 [Worker-69] INFO  o.e.m.c.i.e.AbstractTransferListenerAdapter - Downloaded https://repository.jboss.org/nexus/content/repositories/thirdparty-releases/org/postgresql/pgjdbc-core-parent/1.1.2/pgjdbc-core-parent-1.1.2.pom
2017-09-28 12:44:04,313 [Worker-69] INFO  o.e.m.c.i.e.AbstractTransferListenerAdapter - Downloaded https://maven.atlassian.com/3rdparty/org/postgresql/pgjdbc-core-parent/1.1.2/pgjdbc-core-parent-1.1.2.pom
2017-09-28 12:44:04,323 [Worker-69] INFO  o.e.m.c.i.e.AbstractTransferListenerAdapter - Downloading https://repo.maven.apache.org/maven2/org/postgresql/pgjdbc-core-parent/1.1.2/pgjdbc-core-parent-1.1.2.pom
2017-09-28 12:44:04,346 [Worker-69] INFO  o.e.m.c.i.e.AbstractTransferListenerAdapter - Downloaded https://repo.maven.apache.org/maven2/org/postgresql/pgjdbc-core-parent/1.1.2/pgjdbc-core-parent-1.1.2.pom
2017-09-28 12:44:05,282 [Worker-69] INFO  o.e.m.c.i.e.AbstractTransferListenerAdapter - Downloaded https://repository.jboss.org/nexus/content/repositories/thirdparty-releases/org/postgresql/pgjdbc-versions/1.1.2/pgjdbc-versions-1.1.2.pom
2017-09-28 12:44:05,762 [Worker-69] INFO  o.e.m.c.i.e.AbstractTransferListenerAdapter - Downloaded https://maven.atlassian.com/3rdparty/org/postgresql/pgjdbc-versions/1.1.2/pgjdbc-versions-1.1.2.pom
2017-09-28 12:44:05,768 [Worker-69] INFO  o.e.m.c.i.e.AbstractTransferListenerAdapter - Downloading https://repo.maven.apache.org/maven2/org/postgresql/pgjdbc-versions/1.1.2/pgjdbc-versions-1.1.2.pom
2017-09-28 12:44:05,795 [Worker-69] INFO  o.e.m.c.i.e.AbstractTransferListenerAdapter - Downloaded https://repo.maven.apache.org/maven2/org/postgresql/pgjdbc-versions/1.1.2/pgjdbc-versions-1.1.2.pom
2017-09-28 12:44:06,718 [Worker-69] INFO  o.e.m.c.i.e.AbstractTransferListenerAdapter - Downloaded https://repository.jboss.org/nexus/content/repositories/thirdparty-releases/net/bull/javamelody/javamelody-core/1.68.1/javamelody-core-1.68.1.pom
2017-09-28 12:44:07,271 [Worker-69] INFO  o.e.m.c.i.e.AbstractTransferListenerAdapter - Downloaded https://maven.atlassian.com/3rdparty/net/bull/javamelody/javamelody-core/1.68.1/javamelody-core-1.68.1.pom
2017-09-28 12:44:07,279 [Worker-69] INFO  o.e.m.c.i.e.AbstractTransferListenerAdapter - Downloading https://repo.maven.apache.org/maven2/net/bull/javamelody/javamelody-core/1.68.1/javamelody-core-1.68.1.pom
2017-09-28 12:44:07,315 [Worker-69] INFO  o.e.m.c.i.e.AbstractTransferListenerAdapter - Downloaded https://repo.maven.apache.org/maven2/net/bull/javamelody/javamelody-core/1.68.1/javamelody-core-1.68.1.pom
2017-09-28 12:44:08,219 [Worker-69] INFO  o.e.m.c.i.e.AbstractTransferListenerAdapter - Downloaded https://repository.jboss.org/nexus/content/repositories/thirdparty-releases/org/jrobin/jrobin/1.5.9/jrobin-1.5.9.pom
2017-09-28 12:44:08,690 [Worker-69] INFO  o.e.m.c.i.e.AbstractTransferListenerAdapter - Downloaded https://maven.atlassian.com/3rdparty/org/jrobin/jrobin/1.5.9/jrobin-1.5.9.pom
2017-09-28 12:44:08,698 [Worker-69] INFO  o.e.m.c.i.e.AbstractTransferListenerAdapter - Downloading https://repo.maven.apache.org/maven2/org/jrobin/jrobin/1.5.9/jrobin-1.5.9.pom
2017-09-28 12:44:08,715 [Worker-69] INFO  o.e.m.c.i.e.AbstractTransferListenerAdapter - Downloaded https://repo.maven.apache.org/maven2/org/jrobin/jrobin/1.5.9/jrobin-1.5.9.pom
2017-09-28 12:44:09,655 [Worker-69] INFO  o.e.m.c.i.e.AbstractTransferListenerAdapter - Downloaded https://repository.jboss.org/nexus/content/repositories/thirdparty-releases/com/lowagie/itext/2.1.7/itext-2.1.7.pom
2017-09-28 12:44:10,127 [Worker-69] INFO  o.e.m.c.i.e.AbstractTransferListenerAdapter - Downloaded https://maven.atlassian.com/3rdparty/com/lowagie/itext/2.1.7/itext-2.1.7.pom
2017-09-28 12:44:10,136 [Worker-69] INFO  o.e.m.c.i.e.AbstractTransferListenerAdapter - Downloading https://repo.maven.apache.org/maven2/com/lowagie/itext/2.1.7/itext-2.1.7.pom
2017-09-28 12:44:10,148 [Worker-69] INFO  o.e.m.c.i.e.AbstractTransferListenerAdapter - Downloaded https://repo.maven.apache.org/maven2/com/lowagie/itext/2.1.7/itext-2.1.7.pom
2017-09-28 12:44:11,053 [Worker-69] INFO  o.e.m.c.i.e.AbstractTransferListenerAdapter - Downloaded https://repository.jboss.org/nexus/content/repositories/thirdparty-releases/com/thoughtworks/xstream/xstream/1.4.2/xstream-1.4.2.pom
2017-09-28 12:44:11,527 [Worker-69] INFO  o.e.m.c.i.e.AbstractTransferListenerAdapter - Downloaded https://maven.atlassian.com/3rdparty/com/thoughtworks/xstream/xstream/1.4.2/xstream-1.4.2.pom
2017-09-28 12:44:11,535 [Worker-69] INFO  o.e.m.c.i.e.AbstractTransferListenerAdapter - Downloading https://repo.maven.apache.org/maven2/com/thoughtworks/xstream/xstream/1.4.2/xstream-1.4.2.pom
2017-09-28 12:44:11,551 [Worker-69] INFO  o.e.m.c.i.e.AbstractTransferListenerAdapter - Downloaded https://repo.maven.apache.org/maven2/com/thoughtworks/xstream/xstream/1.4.2/xstream-1.4.2.pom
2017-09-28 12:44:12,451 [Worker-69] INFO  o.e.m.c.i.e.AbstractTransferListenerAdapter - Downloaded https://repository.jboss.org/nexus/content/repositories/thirdparty-releases/com/thoughtworks/xstream/xstream-parent/1.4.2/xstream-parent-1.4.2.pom
2017-09-28 12:44:12,930 [Worker-69] INFO  o.e.m.c.i.e.AbstractTransferListenerAdapter - Downloaded https://maven.atlassian.com/3rdparty/com/thoughtworks/xstream/xstream-parent/1.4.2/xstream-parent-1.4.2.pom
2017-09-28 12:44:12,939 [Worker-69] INFO  o.e.m.c.i.e.AbstractTransferListenerAdapter - Downloading https://repo.maven.apache.org/maven2/com/thoughtworks/xstream/xstream-parent/1.4.2/xstream-parent-1.4.2.pom
2017-09-28 12:44:12,966 [Worker-69] INFO  o.e.m.c.i.e.AbstractTransferListenerAdapter - Downloaded https://repo.maven.apache.org/maven2/com/thoughtworks/xstream/xstream-parent/1.4.2/xstream-parent-1.4.2.pom
2017-09-28 12:44:13,872 [Worker-69] INFO  o.e.m.c.i.e.AbstractTransferListenerAdapter - Downloaded https://repository.jboss.org/nexus/content/repositories/thirdparty-releases/org/codehaus/codehaus-parent/3/codehaus-parent-3.pom
2017-09-28 12:44:14,337 [Worker-69] INFO  o.e.m.c.i.e.AbstractTransferListenerAdapter - Downloaded https://maven.atlassian.com/3rdparty/org/codehaus/codehaus-parent/3/codehaus-parent-3.pom
2017-09-28 12:44:14,344 [Worker-69] INFO  o.e.m.c.i.e.AbstractTransferListenerAdapter - Downloading https://repo.maven.apache.org/maven2/org/codehaus/codehaus-parent/3/codehaus-parent-3.pom
2017-09-28 12:44:14,354 [Worker-69] INFO  o.e.m.c.i.e.AbstractTransferListenerAdapter - Downloaded https://repo.maven.apache.org/maven2/org/codehaus/codehaus-parent/3/codehaus-parent-3.pom
2017-09-28 12:44:15,268 [Worker-69] INFO  o.e.m.c.i.e.AbstractTransferListenerAdapter - Downloaded https://repository.jboss.org/nexus/content/repositories/thirdparty-releases/xmlpull/xmlpull/1.1.3.1/xmlpull-1.1.3.1.pom
2017-09-28 12:44:15,662 [Worker-69] INFO  o.e.m.c.i.e.AbstractTransferListenerAdapter - Downloaded https://maven.atlassian.com/3rdparty/xmlpull/xmlpull/1.1.3.1/xmlpull-1.1.3.1.pom
2017-09-28 12:44:15,669 [Worker-69] INFO  o.e.m.c.i.e.AbstractTransferListenerAdapter - Downloading https://repo.maven.apache.org/maven2/xmlpull/xmlpull/1.1.3.1/xmlpull-1.1.3.1.pom
2017-09-28 12:44:15,675 [Worker-69] INFO  o.e.m.c.i.e.AbstractTransferListenerAdapter - Downloaded https://repo.maven.apache.org/maven2/xmlpull/xmlpull/1.1.3.1/xmlpull-1.1.3.1.pom
2017-09-28 12:44:16,574 [Worker-69] INFO  o.e.m.c.i.e.AbstractTransferListenerAdapter - Downloaded https://repository.jboss.org/nexus/content/repositories/thirdparty-releases/xpp3/xpp3_min/1.1.4c/xpp3_min-1.1.4c.pom
2017-09-28 12:44:17,040 [Worker-69] INFO  o.e.m.c.i.e.AbstractTransferListenerAdapter - Downloaded https://maven.atlassian.com/3rdparty/xpp3/xpp3_min/1.1.4c/xpp3_min-1.1.4c.pom
2017-09-28 12:44:17,045 [Worker-69] INFO  o.e.m.c.i.e.AbstractTransferListenerAdapter - Downloading https://repo.maven.apache.org/maven2/xpp3/xpp3_min/1.1.4c/xpp3_min-1.1.4c.pom
2017-09-28 12:44:17,053 [Worker-69] INFO  o.e.m.c.i.e.AbstractTransferListenerAdapter - Downloaded https://repo.maven.apache.org/maven2/xpp3/xpp3_min/1.1.4c/xpp3_min-1.1.4c.pom
2017-09-28 12:44:17,976 [Worker-69] INFO  o.e.m.c.i.e.AbstractTransferListenerAdapter - Downloaded https://repository.jboss.org/nexus/content/repositories/thirdparty-releases/javax/faces/javax.faces-api/2.3/javax.faces-api-2.3.jar
2017-09-28 12:44:18,867 [Worker-69] INFO  o.e.m.c.i.e.AbstractTransferListenerAdapter - Downloaded https://repository.jboss.org/nexus/content/repositories/thirdparty-releases/javax/enterprise/cdi-api/2.0/cdi-api-2.0.jar
2017-09-28 12:44:19,759 [Worker-69] INFO  o.e.m.c.i.e.AbstractTransferListenerAdapter - Downloaded https://repository.jboss.org/nexus/content/repositories/thirdparty-releases/javax/el/javax.el-api/3.0.0/javax.el-api-3.0.0.jar
2017-09-28 12:44:20,652 [Worker-69] INFO  o.e.m.c.i.e.AbstractTransferListenerAdapter - Downloaded https://repository.jboss.org/nexus/content/repositories/thirdparty-releases/javax/interceptor/javax.interceptor-api/1.2/javax.interceptor-api-1.2.jar
2017-09-28 12:44:24,345 [Worker-69] INFO  o.e.m.c.i.e.AbstractTransferListenerAdapter - Downloaded https://repository.jboss.org/nexus/content/repositories/thirdparty-releases/javax/inject/javax.inject/1/javax.inject-1.jar
2017-09-28 12:44:25,245 [Worker-69] INFO  o.e.m.c.i.e.AbstractTransferListenerAdapter - Downloaded https://repository.jboss.org/nexus/content/repositories/thirdparty-releases/org/jboss/weld/servlet/weld-servlet-shaded/3.0.0.Final/weld-servlet-shaded-3.0.0.Final.jar
2017-09-28 12:44:26,144 [Worker-69] INFO  o.e.m.c.i.e.AbstractTransferListenerAdapter - Downloaded https://repository.jboss.org/nexus/content/repositories/thirdparty-releases/javax/servlet/javax.servlet-api/3.1.0/javax.servlet-api-3.1.0.jar
2017-09-28 12:44:27,067 [Worker-69] INFO  o.e.m.c.i.e.AbstractTransferListenerAdapter - Downloaded https://repository.jboss.org/nexus/content/repositories/thirdparty-releases/org/omnifaces/omnifaces/2.6.3/omnifaces-2.6.3.jar
2017-09-28 12:44:27,980 [Worker-69] INFO  o.e.m.c.i.e.AbstractTransferListenerAdapter - Downloaded https://repository.jboss.org/nexus/content/repositories/thirdparty-releases/org/apache/tomcat/tomcat-servlet-api/9.0.0.M21/tomcat-servlet-api-9.0.0.M21.jar
2017-09-28 12:44:28,873 [Worker-69] INFO  o.e.m.c.i.e.AbstractTransferListenerAdapter - Downloaded https://repository.jboss.org/nexus/content/repositories/thirdparty-releases/org/jcodec/jcodec-javase/0.1.9/jcodec-javase-0.1.9.jar
2017-09-28 12:44:29,795 [Worker-69] INFO  o.e.m.c.i.e.AbstractTransferListenerAdapter - Downloaded https://repository.jboss.org/nexus/content/repositories/thirdparty-releases/org/jcodec/jcodec/0.1.9/jcodec-0.1.9.jar
2017-09-28 12:44:30,694 [Worker-69] INFO  o.e.m.c.i.e.AbstractTransferListenerAdapter - Downloaded https://repository.jboss.org/nexus/content/repositories/thirdparty-releases/org/slf4j/slf4j-simple/1.7.25/slf4j-simple-1.7.25.jar
2017-09-28 12:44:31,604 [Worker-69] INFO  o.e.m.c.i.e.AbstractTransferListenerAdapter - Downloaded https://repository.jboss.org/nexus/content/repositories/thirdparty-releases/org/slf4j/slf4j-api/1.7.25/slf4j-api-1.7.25.jar
2017-09-28 12:44:32,505 [Worker-69] INFO  o.e.m.c.i.e.AbstractTransferListenerAdapter - Downloaded https://repository.jboss.org/nexus/content/repositories/thirdparty-releases/org/postgresql/postgresql/42.1.4/postgresql-42.1.4.jar
2017-09-28 12:44:33,398 [Worker-69] INFO  o.e.m.c.i.e.AbstractTransferListenerAdapter - Downloaded https://repository.jboss.org/nexus/content/repositories/thirdparty-releases/net/bull/javamelody/javamelody-core/1.68.1/javamelody-core-1.68.1.jar
2017-09-28 12:44:34,291 [Worker-69] INFO  o.e.m.c.i.e.AbstractTransferListenerAdapter - Downloaded https://repository.jboss.org/nexus/content/repositories/thirdparty-releases/com/lowagie/itext/2.1.7/itext-2.1.7.jar
2017-09-28 12:44:35,243 [Worker-69] INFO  o.e.m.c.i.e.AbstractTransferListenerAdapter - Downloaded https://repository.jboss.org/nexus/content/repositories/thirdparty-releases/com/thoughtworks/xstream/xstream/1.4.2/xstream-1.4.2.jar
2017-09-28 12:44:36,157 [Worker-69] INFO  o.e.m.c.i.e.AbstractTransferListenerAdapter - Downloaded https://repository.jboss.org/nexus/content/repositories/thirdparty-releases/xmlpull/xmlpull/1.1.3.1/xmlpull-1.1.3.1.jar
2017-09-28 12:44:37,055 [Worker-69] INFO  o.e.m.c.i.e.AbstractTransferListenerAdapter - Downloaded https://repository.jboss.org/nexus/content/repositories/thirdparty-releases/xpp3/xpp3_min/1.1.4c/xpp3_min-1.1.4c.jar
2017-09-28 12:44:37,954 [Worker-69] INFO  o.e.m.c.i.e.AbstractTransferListenerAdapter - Downloaded https://repository.jboss.org/nexus/content/repositories/thirdparty-releases/org/jrobin/jrobin/1.5.9/jrobin-1.5.9.jar
2017-09-28 12:44:38,468 [Worker-69] INFO  o.e.m.c.i.e.AbstractTransferListenerAdapter - Downloaded https://maven.atlassian.com/3rdparty/javax/faces/javax.faces-api/2.3/javax.faces-api-2.3.jar
2017-09-28 12:44:38,953 [Worker-69] INFO  o.e.m.c.i.e.AbstractTransferListenerAdapter - Downloaded https://maven.atlassian.com/3rdparty/javax/enterprise/cdi-api/2.0/cdi-api-2.0.jar
2017-09-28 12:44:39,338 [Worker-69] INFO  o.e.m.c.i.e.AbstractTransferListenerAdapter - Downloaded https://maven.atlassian.com/3rdparty/javax/el/javax.el-api/3.0.0/javax.el-api-3.0.0.jar
2017-09-28 12:44:39,802 [Worker-69] INFO  o.e.m.c.i.e.AbstractTransferListenerAdapter - Downloaded https://maven.atlassian.com/3rdparty/javax/interceptor/javax.interceptor-api/1.2/javax.interceptor-api-1.2.jar
2017-09-28 12:44:40,188 [Worker-69] INFO  o.e.m.c.i.e.AbstractTransferListenerAdapter - Downloaded https://maven.atlassian.com/3rdparty/javax/inject/javax.inject/1/javax.inject-1.jar
2017-09-28 12:44:40,580 [Worker-69] INFO  o.e.m.c.i.e.AbstractTransferListenerAdapter - Downloaded https://maven.atlassian.com/3rdparty/org/jboss/weld/servlet/weld-servlet-shaded/3.0.0.Final/weld-servlet-shaded-3.0.0.Final.jar
2017-09-28 12:44:40,957 [Worker-69] INFO  o.e.m.c.i.e.AbstractTransferListenerAdapter - Downloaded https://maven.atlassian.com/3rdparty/javax/servlet/javax.servlet-api/3.1.0/javax.servlet-api-3.1.0.jar
2017-09-28 12:44:41,422 [Worker-69] INFO  o.e.m.c.i.e.AbstractTransferListenerAdapter - Downloaded https://maven.atlassian.com/3rdparty/org/omnifaces/omnifaces/2.6.3/omnifaces-2.6.3.jar
2017-09-28 12:44:41,887 [Worker-69] INFO  o.e.m.c.i.e.AbstractTransferListenerAdapter - Downloaded https://maven.atlassian.com/3rdparty/org/apache/tomcat/tomcat-servlet-api/9.0.0.M21/tomcat-servlet-api-9.0.0.M21.jar
2017-09-28 12:44:42,351 [Worker-69] INFO  o.e.m.c.i.e.AbstractTransferListenerAdapter - Downloaded https://maven.atlassian.com/3rdparty/org/jcodec/jcodec-javase/0.1.9/jcodec-javase-0.1.9.jar
2017-09-28 12:44:42,828 [Worker-69] INFO  o.e.m.c.i.e.AbstractTransferListenerAdapter - Downloaded https://maven.atlassian.com/3rdparty/org/jcodec/jcodec/0.1.9/jcodec-0.1.9.jar
2017-09-28 12:44:43,309 [Worker-69] INFO  o.e.m.c.i.e.AbstractTransferListenerAdapter - Downloaded https://maven.atlassian.com/3rdparty/org/slf4j/slf4j-simple/1.7.25/slf4j-simple-1.7.25.jar
2017-09-28 12:44:43,785 [Worker-69] INFO  o.e.m.c.i.e.AbstractTransferListenerAdapter - Downloaded https://maven.atlassian.com/3rdparty/org/slf4j/slf4j-api/1.7.25/slf4j-api-1.7.25.jar
2017-09-28 12:44:44,264 [Worker-69] INFO  o.e.m.c.i.e.AbstractTransferListenerAdapter - Downloaded https://maven.atlassian.com/3rdparty/org/postgresql/postgresql/42.1.4/postgresql-42.1.4.jar
2017-09-28 12:44:44,732 [Worker-69] INFO  o.e.m.c.i.e.AbstractTransferListenerAdapter - Downloaded https://maven.atlassian.com/3rdparty/net/bull/javamelody/javamelody-core/1.68.1/javamelody-core-1.68.1.jar
2017-09-28 12:44:45,172 [Worker-69] INFO  o.e.m.c.i.e.AbstractTransferListenerAdapter - Downloaded https://maven.atlassian.com/3rdparty/com/lowagie/itext/2.1.7/itext-2.1.7.jar
2017-09-28 12:44:45,933 [Worker-69] INFO  o.e.m.c.i.e.AbstractTransferListenerAdapter - Downloaded https://maven.atlassian.com/3rdparty/com/thoughtworks/xstream/xstream/1.4.2/xstream-1.4.2.jar
2017-09-28 12:44:46,410 [Worker-69] INFO  o.e.m.c.i.e.AbstractTransferListenerAdapter - Downloaded https://maven.atlassian.com/3rdparty/xmlpull/xmlpull/1.1.3.1/xmlpull-1.1.3.1.jar
2017-09-28 12:44:46,884 [Worker-69] INFO  o.e.m.c.i.e.AbstractTransferListenerAdapter - Downloaded https://maven.atlassian.com/3rdparty/xpp3/xpp3_min/1.1.4c/xpp3_min-1.1.4c.jar
2017-09-28 12:44:47,316 [Worker-69] INFO  o.e.m.c.i.e.AbstractTransferListenerAdapter - Downloaded https://maven.atlassian.com/3rdparty/org/jrobin/jrobin/1.5.9/jrobin-1.5.9.jar
2017-09-28 12:44:47,391 [Worker-69] INFO  o.e.m.c.i.e.AbstractTransferListenerAdapter - Downloading https://repo.maven.apache.org/maven2/javax/faces/javax.faces-api/2.3/javax.faces-api-2.3.jar
2017-09-28 12:44:47,525 [Worker-69] INFO  o.e.m.c.i.e.AbstractTransferListenerAdapter - Downloaded https://repo.maven.apache.org/maven2/javax/faces/javax.faces-api/2.3/javax.faces-api-2.3.jar
2017-09-28 12:44:47,534 [Worker-69] INFO  o.e.m.c.i.e.AbstractTransferListenerAdapter - Downloading https://repo.maven.apache.org/maven2/javax/enterprise/cdi-api/2.0/cdi-api-2.0.jar
2017-09-28 12:44:47,549 [Worker-69] INFO  o.e.m.c.i.e.AbstractTransferListenerAdapter - Downloaded https://repo.maven.apache.org/maven2/javax/enterprise/cdi-api/2.0/cdi-api-2.0.jar
2017-09-28 12:44:47,556 [Worker-69] INFO  o.e.m.c.i.e.AbstractTransferListenerAdapter - Downloading https://repo.maven.apache.org/maven2/javax/el/javax.el-api/3.0.0/javax.el-api-3.0.0.jar
2017-09-28 12:44:47,568 [Worker-69] INFO  o.e.m.c.i.e.AbstractTransferListenerAdapter - Downloaded https://repo.maven.apache.org/maven2/javax/el/javax.el-api/3.0.0/javax.el-api-3.0.0.jar
2017-09-28 12:44:47,575 [Worker-69] INFO  o.e.m.c.i.e.AbstractTransferListenerAdapter - Downloading https://repo.maven.apache.org/maven2/javax/interceptor/javax.interceptor-api/1.2/javax.interceptor-api-1.2.jar
2017-09-28 12:44:47,583 [Worker-69] INFO  o.e.m.c.i.e.AbstractTransferListenerAdapter - Downloaded https://repo.maven.apache.org/maven2/javax/interceptor/javax.interceptor-api/1.2/javax.interceptor-api-1.2.jar
2017-09-28 12:44:47,587 [Worker-69] INFO  o.e.m.c.i.e.AbstractTransferListenerAdapter - Downloading https://repo.maven.apache.org/maven2/javax/inject/javax.inject/1/javax.inject-1.jar
2017-09-28 12:44:47,593 [Worker-69] INFO  o.e.m.c.i.e.AbstractTransferListenerAdapter - Downloaded https://repo.maven.apache.org/maven2/javax/inject/javax.inject/1/javax.inject-1.jar
2017-09-28 12:44:47,753 [Worker-69] INFO  o.e.m.c.i.e.AbstractTransferListenerAdapter - Downloading https://repo.maven.apache.org/maven2/org/jboss/weld/servlet/weld-servlet-shaded/3.0.0.Final/weld-servlet-shaded-3.0.0.Final.jar
2017-09-28 12:44:48,141 [Worker-69] INFO  o.e.m.c.i.e.AbstractTransferListenerAdapter - Downloaded https://repo.maven.apache.org/maven2/org/jboss/weld/servlet/weld-servlet-shaded/3.0.0.Final/weld-servlet-shaded-3.0.0.Final.jar
2017-09-28 12:44:48,146 [Worker-69] INFO  o.e.m.c.i.e.AbstractTransferListenerAdapter - Downloading https://repo.maven.apache.org/maven2/javax/servlet/javax.servlet-api/3.1.0/javax.servlet-api-3.1.0.jar
2017-09-28 12:44:48,161 [Worker-69] INFO  o.e.m.c.i.e.AbstractTransferListenerAdapter - Downloaded https://repo.maven.apache.org/maven2/javax/servlet/javax.servlet-api/3.1.0/javax.servlet-api-3.1.0.jar
2017-09-28 12:44:48,282 [Worker-69] INFO  o.e.m.c.i.e.AbstractTransferListenerAdapter - Downloading https://repo.maven.apache.org/maven2/org/omnifaces/omnifaces/2.6.3/omnifaces-2.6.3.jar
2017-09-28 12:44:48,429 [Worker-69] INFO  o.e.m.c.i.e.AbstractTransferListenerAdapter - Downloaded https://repo.maven.apache.org/maven2/org/omnifaces/omnifaces/2.6.3/omnifaces-2.6.3.jar
2017-09-28 12:44:48,526 [Worker-69] INFO  o.e.m.c.i.e.AbstractTransferListenerAdapter - Downloading https://repo.maven.apache.org/maven2/org/apache/tomcat/tomcat-servlet-api/9.0.0.M21/tomcat-servlet-api-9.0.0.M21.jar
2017-09-28 12:44:48,633 [Worker-69] INFO  o.e.m.c.i.e.AbstractTransferListenerAdapter - Downloaded https://repo.maven.apache.org/maven2/org/apache/tomcat/tomcat-servlet-api/9.0.0.M21/tomcat-servlet-api-9.0.0.M21.jar
2017-09-28 12:44:48,715 [Worker-69] INFO  o.e.m.c.i.e.AbstractTransferListenerAdapter - Downloading https://repo.maven.apache.org/maven2/org/jcodec/jcodec-javase/0.1.9/jcodec-javase-0.1.9.jar
2017-09-28 12:44:48,798 [Worker-69] INFO  o.e.m.c.i.e.AbstractTransferListenerAdapter - Downloaded https://repo.maven.apache.org/maven2/org/jcodec/jcodec-javase/0.1.9/jcodec-javase-0.1.9.jar
2017-09-28 12:44:48,801 [Worker-69] INFO  o.e.m.c.i.e.AbstractTransferListenerAdapter - Downloading https://repo.maven.apache.org/maven2/org/jcodec/jcodec/0.1.9/jcodec-0.1.9.jar
2017-09-28 12:44:48,930 [Worker-69] INFO  o.e.m.c.i.e.AbstractTransferListenerAdapter - Downloaded https://repo.maven.apache.org/maven2/org/jcodec/jcodec/0.1.9/jcodec-0.1.9.jar
2017-09-28 12:44:48,936 [Worker-69] INFO  o.e.m.c.i.e.AbstractTransferListenerAdapter - Downloading https://repo.maven.apache.org/maven2/org/slf4j/slf4j-simple/1.7.25/slf4j-simple-1.7.25.jar
2017-09-28 12:44:48,984 [Worker-69] INFO  o.e.m.c.i.e.AbstractTransferListenerAdapter - Downloaded https://repo.maven.apache.org/maven2/org/slf4j/slf4j-simple/1.7.25/slf4j-simple-1.7.25.jar
2017-09-28 12:44:48,991 [Worker-69] INFO  o.e.m.c.i.e.AbstractTransferListenerAdapter - Downloading https://repo.maven.apache.org/maven2/org/slf4j/slf4j-api/1.7.25/slf4j-api-1.7.25.jar
2017-09-28 12:44:49,000 [Worker-69] INFO  o.e.m.c.i.e.AbstractTransferListenerAdapter - Downloaded https://repo.maven.apache.org/maven2/org/slf4j/slf4j-api/1.7.25/slf4j-api-1.7.25.jar
2017-09-28 12:44:49,007 [Worker-69] INFO  o.e.m.c.i.e.AbstractTransferListenerAdapter - Downloading https://repo.maven.apache.org/maven2/org/postgresql/postgresql/42.1.4/postgresql-42.1.4.jar
2017-09-28 12:44:49,079 [Worker-69] INFO  o.e.m.c.i.e.AbstractTransferListenerAdapter - Downloaded https://repo.maven.apache.org/maven2/org/postgresql/postgresql/42.1.4/postgresql-42.1.4.jar
2017-09-28 12:44:49,086 [Worker-69] INFO  o.e.m.c.i.e.AbstractTransferListenerAdapter - Downloading https://repo.maven.apache.org/maven2/net/bull/javamelody/javamelody-core/1.68.1/javamelody-core-1.68.1.jar
2017-09-28 12:44:49,215 [Worker-69] INFO  o.e.m.c.i.e.AbstractTransferListenerAdapter - Downloaded https://repo.maven.apache.org/maven2/net/bull/javamelody/javamelody-core/1.68.1/javamelody-core-1.68.1.jar
2017-09-28 12:44:49,227 [Worker-69] INFO  o.e.m.c.i.e.AbstractTransferListenerAdapter - Downloading https://repo.maven.apache.org/maven2/com/lowagie/itext/2.1.7/itext-2.1.7.jar
2017-09-28 12:44:49,344 [Worker-69] INFO  o.e.m.c.i.e.AbstractTransferListenerAdapter - Downloaded https://repo.maven.apache.org/maven2/com/lowagie/itext/2.1.7/itext-2.1.7.jar
2017-09-28 12:44:49,350 [Worker-69] INFO  o.e.m.c.i.e.AbstractTransferListenerAdapter - Downloading https://repo.maven.apache.org/maven2/com/thoughtworks/xstream/xstream/1.4.2/xstream-1.4.2.jar
2017-09-28 12:44:49,401 [Worker-69] INFO  o.e.m.c.i.e.AbstractTransferListenerAdapter - Downloaded https://repo.maven.apache.org/maven2/com/thoughtworks/xstream/xstream/1.4.2/xstream-1.4.2.jar
2017-09-28 12:44:49,405 [Worker-69] INFO  o.e.m.c.i.e.AbstractTransferListenerAdapter - Downloading https://repo.maven.apache.org/maven2/xmlpull/xmlpull/1.1.3.1/xmlpull-1.1.3.1.jar
2017-09-28 12:44:49,413 [Worker-69] INFO  o.e.m.c.i.e.AbstractTransferListenerAdapter - Downloaded https://repo.maven.apache.org/maven2/xmlpull/xmlpull/1.1.3.1/xmlpull-1.1.3.1.jar
2017-09-28 12:44:49,417 [Worker-69] INFO  o.e.m.c.i.e.AbstractTransferListenerAdapter - Downloading https://repo.maven.apache.org/maven2/xpp3/xpp3_min/1.1.4c/xpp3_min-1.1.4c.jar
2017-09-28 12:44:49,427 [Worker-69] INFO  o.e.m.c.i.e.AbstractTransferListenerAdapter - Downloaded https://repo.maven.apache.org/maven2/xpp3/xpp3_min/1.1.4c/xpp3_min-1.1.4c.jar
2017-09-28 12:44:49,435 [Worker-69] INFO  o.e.m.c.i.e.AbstractTransferListenerAdapter - Downloading https://repo.maven.apache.org/maven2/org/jrobin/jrobin/1.5.9/jrobin-1.5.9.jar
2017-09-28 12:44:49,549 [Worker-69] INFO  o.e.m.c.i.e.AbstractTransferListenerAdapter - Downloaded https://repo.maven.apache.org/maven2/org/jrobin/jrobin/1.5.9/jrobin-1.5.9.jar
